<?xml version="1.0" encoding="UTF-8"?>
<coverage generated="1719921833088" clover="3.2.0">
  <project timestamp="1719921833089" name="All files">
    <metrics statements="49" coveredstatements="40" conditionals="12" coveredconditionals="8" methods="13" coveredmethods="9" elements="74" coveredelements="57" complexity="0" loc="49" ncloc="49" packages="5" files="6" classes="6"/>
    <package name="components.button">
      <metrics statements="4" coveredstatements="4" conditionals="5" coveredconditionals="3" methods="1" coveredmethods="1"/>
      <file name="ButtonBase.tsx" path="/home/gen/Backstage/TestsTasks/International-trade/international-trade/src/components/button/ButtonBase.tsx">
        <metrics statements="4" coveredstatements="4" conditionals="5" coveredconditionals="3" methods="1" coveredmethods="1"/>
        <line num="1" count="3" type="stmt"/>
        <line num="23" count="3" type="stmt"/>
        <line num="25" count="12" type="cond" truecount="1" falsecount="0"/>
        <line num="28" count="12" type="stmt"/>
      </file>
    </package>
    <package name="components.forecast">
      <metrics statements="27" coveredstatements="23" conditionals="4" coveredconditionals="2" methods="7" coveredmethods="5"/>
      <file name="Forecast.tsx" path="/home/gen/Backstage/TestsTasks/International-trade/international-trade/src/components/forecast/Forecast.tsx">
        <metrics statements="13" coveredstatements="9" conditionals="2" coveredconditionals="0" methods="4" coveredmethods="2"/>
        <line num="1" count="1" type="stmt"/>
        <line num="2" count="1" type="stmt"/>
        <line num="3" count="1" type="stmt"/>
        <line num="20" count="1" type="stmt"/>
        <line num="21" count="2" type="stmt"/>
        <line num="22" count="1" type="stmt"/>
        <line num="25" count="0" type="cond" truecount="0" falsecount="1"/>
        <line num="26" count="0" type="stmt"/>
        <line num="30" count="1" type="stmt"/>
        <line num="31" count="0" type="cond" truecount="0" falsecount="1"/>
        <line num="32" count="0" type="stmt"/>
        <line num="36" count="1" type="stmt"/>
        <line num="42" count="3" type="stmt"/>
      </file>
      <file name="ForecastItem.tsx" path="/home/gen/Backstage/TestsTasks/International-trade/international-trade/src/components/forecast/ForecastItem.tsx">
        <metrics statements="14" coveredstatements="14" conditionals="2" coveredconditionals="2" methods="3" coveredmethods="3"/>
        <line num="1" count="2" type="stmt"/>
        <line num="3" count="2" type="stmt"/>
        <line num="5" count="2" type="stmt"/>
        <line num="6" count="2" type="stmt"/>
        <line num="8" count="2" type="stmt"/>
        <line num="9" count="2" type="stmt"/>
        <line num="24" count="2" type="stmt"/>
        <line num="25" count="11" type="stmt"/>
        <line num="26" count="10" type="stmt"/>
        <line num="28" count="7" type="stmt"/>
        <line num="29" count="7" type="cond" truecount="2" falsecount="0"/>
        <line num="32" count="7" type="stmt"/>
        <line num="33" count="1" type="stmt"/>
        <line num="43" count="7" type="stmt"/>
      </file>
    </package>
    <package name="contexts">
      <metrics statements="12" coveredstatements="7" conditionals="1" coveredconditionals="1" methods="3" coveredmethods="1"/>
      <file name="MeteoCardContext.tsx" path="/home/gen/Backstage/TestsTasks/International-trade/international-trade/src/contexts/MeteoCardContext.tsx">
        <metrics statements="12" coveredstatements="7" conditionals="1" coveredconditionals="1" methods="3" coveredmethods="1"/>
        <line num="3" count="1" type="stmt"/>
        <line num="19" count="1" type="stmt"/>
        <line num="21" count="1" type="stmt"/>
        <line num="22" count="3" type="stmt"/>
        <line num="23" count="3" type="cond" truecount="1" falsecount="0"/>
        <line num="24" count="3" type="stmt"/>
        <line num="26" count="0" type="stmt"/>
        <line num="29" count="1" type="stmt"/>
        <line num="30" count="0" type="stmt"/>
        <line num="32" count="0" type="stmt"/>
        <line num="33" count="0" type="stmt"/>
        <line num="39" count="0" type="stmt"/>
      </file>
    </package>
    <package name="types">
      <metrics statements="3" coveredstatements="3" conditionals="2" coveredconditionals="2" methods="1" coveredmethods="1"/>
      <file name="units-enum.ts" path="/home/gen/Backstage/TestsTasks/International-trade/international-trade/src/types/units-enum.ts">
        <metrics statements="3" coveredstatements="3" conditionals="2" coveredconditionals="2" methods="1" coveredmethods="1"/>
        <line num="1" count="2" type="cond" truecount="2" falsecount="0"/>
        <line num="2" count="2" type="stmt"/>
        <line num="3" count="2" type="stmt"/>
      </file>
    </package>
    <package name="utils">
      <metrics statements="3" coveredstatements="3" conditionals="0" coveredconditionals="0" methods="1" coveredmethods="1"/>
      <file name="format-date.ts" path="/home/gen/Backstage/TestsTasks/International-trade/international-trade/src/utils/format-date.ts">
        <metrics statements="3" coveredstatements="3" conditionals="0" coveredconditionals="0" methods="1" coveredmethods="1"/>
        <line num="1" count="2" type="stmt"/>
        <line num="2" count="7" type="stmt"/>
        <line num="3" count="7" type="stmt"/>
      </file>
    </package>
  </project>
</coverage>
