{"/home/gen/Backstage/TestsTasks/International-trade/international-trade/src/components/button/ButtonBase.tsx": {"path":"/home/gen/Backstage/TestsTasks/International-trade/international-trade/src/components/button/ButtonBase.tsx","statementMap":{"0":{"start":{"line":1,"column":0},"end":{"line":1,"column":41}},"1":{"start":{"line":25,"column":85},"end":{"line":25,"column":90}},"2":{"start":{"line":28,"column":2},"end":{"line":38,"column":4}},"3":{"start":{"line":23,"column":0},"end":{"line":23,"column":24}}},"fnMap":{"0":{"name":"ButtonBase","decl":{"start":{"line":23,"column":24},"end":{"line":23,"column":34}},"loc":{"start":{"line":23,"column":61},"end":{"line":39,"column":1}}}},"branchMap":{"0":{"loc":{"start":{"line":25,"column":10},"end":{"line":25,"column":19}},"type":"default-arg","locations":[{"start":{"line":25,"column":17},"end":{"line":25,"column":19}}]},"1":{"loc":{"start":{"line":31,"column":21},"end":{"line":31,"column":56}},"type":"cond-expr","locations":[{"start":{"line":31,"column":36},"end":{"line":31,"column":48}},{"start":{"line":31,"column":51},"end":{"line":31,"column":56}}]},"2":{"loc":{"start":{"line":33,"column":37},"end":{"line":33,"column":75}},"type":"cond-expr","locations":[{"start":{"line":33,"column":55},"end":{"line":33,"column":70}},{"start":{"line":33,"column":73},"end":{"line":33,"column":75}}]}},"s":{"0":3,"1":12,"2":12,"3":3},"f":{"0":12},"b":{"0":[7],"1":[0,12],"2":[12,0]}}
,"/home/gen/Backstage/TestsTasks/International-trade/international-trade/src/components/forecast/Forecast.tsx": {"path":"/home/gen/Backstage/TestsTasks/International-trade/international-trade/src/components/forecast/Forecast.tsx","statementMap":{"0":{"start":{"line":1,"column":0},"end":{"line":1,"column":42}},"1":{"start":{"line":2,"column":0},"end":{"line":2,"column":42}},"2":{"start":{"line":3,"column":0},"end":{"line":3,"column":50}},"3":{"start":{"line":21,"column":30},"end":{"line":21,"column":35}},"4":{"start":{"line":22,"column":18},"end":{"line":22,"column":48}},"5":{"start":{"line":25,"column":4},"end":{"line":27,"column":5}},"6":{"start":{"line":26,"column":6},"end":{"line":26,"column":49}},"7":{"start":{"line":30,"column":2},"end":{"line":34,"column":24}},"8":{"start":{"line":31,"column":4},"end":{"line":33,"column":5}},"9":{"start":{"line":32,"column":6},"end":{"line":32,"column":63}},"10":{"start":{"line":36,"column":2},"end":{"line":46,"column":4}},"11":{"start":{"line":42,"column":10},"end":{"line":42,"column":40}},"12":{"start":{"line":20,"column":0},"end":{"line":20,"column":24}}},"fnMap":{"0":{"name":"Forecast","decl":{"start":{"line":20,"column":24},"end":{"line":20,"column":32}},"loc":{"start":{"line":20,"column":57},"end":{"line":47,"column":1}}},"1":{"name":"handleScroll","decl":{"start":{"line":24,"column":11},"end":{"line":24,"column":23}},"loc":{"start":{"line":24,"column":41},"end":{"line":28,"column":3}}},"2":{"name":"(anonymous_3)","decl":{"start":{"line":30,"column":12},"end":{"line":30,"column":15}},"loc":{"start":{"line":30,"column":17},"end":{"line":34,"column":3}}},"3":{"name":"(anonymous_4)","decl":{"start":{"line":41,"column":27},"end":{"line":41,"column":28}},"loc":{"start":{"line":42,"column":10},"end":{"line":42,"column":40}}}},"branchMap":{"0":{"loc":{"start":{"line":25,"column":4},"end":{"line":27,"column":5}},"type":"if","locations":[{"start":{"line":25,"column":4},"end":{"line":27,"column":5}}]},"1":{"loc":{"start":{"line":31,"column":4},"end":{"line":33,"column":5}},"type":"if","locations":[{"start":{"line":31,"column":4},"end":{"line":33,"column":5}}]}},"s":{"0":1,"1":1,"2":1,"3":2,"4":1,"5":0,"6":0,"7":1,"8":0,"9":0,"10":1,"11":3,"12":1},"f":{"0":2,"1":0,"2":0,"3":3},"b":{"0":[0],"1":[0]}}
,"/home/gen/Backstage/TestsTasks/International-trade/international-trade/src/components/forecast/ForecastItem.tsx": {"path":"/home/gen/Backstage/TestsTasks/International-trade/international-trade/src/components/forecast/ForecastItem.tsx","statementMap":{"0":{"start":{"line":1,"column":0},"end":{"line":1,"column":59}},"1":{"start":{"line":3,"column":0},"end":{"line":3,"column":46}},"2":{"start":{"line":5,"column":0},"end":{"line":5,"column":42}},"3":{"start":{"line":6,"column":0},"end":{"line":6,"column":55}},"4":{"start":{"line":8,"column":0},"end":{"line":8,"column":59}},"5":{"start":{"line":9,"column":0},"end":{"line":9,"column":43}},"6":{"start":{"line":25,"column":26},"end":{"line":25,"column":31}},"7":{"start":{"line":26,"column":32},"end":{"line":26,"column":46}},"8":{"start":{"line":28,"column":33},"end":{"line":30,"column":3}},"9":{"start":{"line":29,"column":4},"end":{"line":29,"column":48}},"10":{"start":{"line":32,"column":31},"end":{"line":41,"column":3}},"11":{"start":{"line":33,"column":4},"end":{"line":40,"column":7}},"12":{"start":{"line":43,"column":2},"end":{"line":57,"column":4}},"13":{"start":{"line":24,"column":0},"end":{"line":24,"column":24}}},"fnMap":{"0":{"name":"ForecastItem","decl":{"start":{"line":24,"column":24},"end":{"line":24,"column":36}},"loc":{"start":{"line":24,"column":65},"end":{"line":58,"column":1}}},"1":{"name":"(anonymous_2)","decl":{"start":{"line":28,"column":33},"end":{"line":28,"column":36}},"loc":{"start":{"line":28,"column":38},"end":{"line":30,"column":3}}},"2":{"name":"(anonymous_3)","decl":{"start":{"line":32,"column":31},"end":{"line":32,"column":34}},"loc":{"start":{"line":32,"column":36},"end":{"line":41,"column":3}}}},"branchMap":{"0":{"loc":{"start":{"line":29,"column":11},"end":{"line":29,"column":47}},"type":"cond-expr","locations":[{"start":{"line":29,"column":36},"end":{"line":29,"column":40}},{"start":{"line":29,"column":43},"end":{"line":29,"column":47}}]}},"s":{"0":2,"1":2,"2":2,"3":2,"4":2,"5":2,"6":11,"7":10,"8":7,"9":7,"10":7,"11":1,"12":7,"13":2},"f":{"0":11,"1":7,"2":1},"b":{"0":[6,1]}}
,"/home/gen/Backstage/TestsTasks/International-trade/international-trade/src/contexts/MeteoCardContext.tsx": {"path":"/home/gen/Backstage/TestsTasks/International-trade/international-trade/src/contexts/MeteoCardContext.tsx","statementMap":{"0":{"start":{"line":3,"column":0},"end":{"line":3,"column":69}},"1":{"start":{"line":19,"column":13},"end":{"line":19,"column":81}},"2":{"start":{"line":22,"column":18},"end":{"line":22,"column":46}},"3":{"start":{"line":23,"column":2},"end":{"line":25,"column":3}},"4":{"start":{"line":24,"column":4},"end":{"line":24,"column":78}},"5":{"start":{"line":26,"column":2},"end":{"line":26,"column":17}},"6":{"start":{"line":21,"column":0},"end":{"line":21,"column":16}},"7":{"start":{"line":30,"column":46},"end":{"line":30,"column":87}},"8":{"start":{"line":32,"column":30},"end":{"line":37,"column":null}},"9":{"start":{"line":33,"column":11},"end":{"line":36,"column":6}},"10":{"start":{"line":39,"column":2},"end":{"line":41,"column":4}},"11":{"start":{"line":29,"column":0},"end":{"line":29,"column":16}}},"fnMap":{"0":{"name":"useMeteoCard","decl":{"start":{"line":21,"column":16},"end":{"line":21,"column":28}},"loc":{"start":{"line":21,"column":28},"end":{"line":27,"column":1}}},"1":{"name":"MeteoCardContextProvider","decl":{"start":{"line":29,"column":16},"end":{"line":29,"column":40}},"loc":{"start":{"line":29,"column":58},"end":{"line":42,"column":1}}},"2":{"name":"(anonymous_2)","decl":{"start":{"line":33,"column":4},"end":{"line":33,"column":7}},"loc":{"start":{"line":33,"column":11},"end":{"line":36,"column":6}}}},"branchMap":{"0":{"loc":{"start":{"line":23,"column":2},"end":{"line":25,"column":3}},"type":"if","locations":[{"start":{"line":23,"column":2},"end":{"line":25,"column":3}}]}},"s":{"0":1,"1":1,"2":3,"3":3,"4":3,"5":0,"6":1,"7":0,"8":0,"9":0,"10":0,"11":1},"f":{"0":3,"1":0,"2":0},"b":{"0":[3]}}
,"/home/gen/Backstage/TestsTasks/International-trade/international-trade/src/types/units-enum.ts": {"path":"/home/gen/Backstage/TestsTasks/International-trade/international-trade/src/types/units-enum.ts","statementMap":{"0":{"start":{"line":1,"column":0},"end":{"line":1,"column":null}},"1":{"start":{"line":2,"column":2},"end":{"line":2,"column":null}},"2":{"start":{"line":3,"column":2},"end":{"line":3,"column":null}}},"fnMap":{"0":{"name":"(anonymous_0)","decl":{"start":{"line":1,"column":0},"end":{"line":1,"column":12}},"loc":{"start":{"line":1,"column":17},"end":{"line":4,"column":1}}}},"branchMap":{"0":{"loc":{"start":{"line":1,"column":12},"end":{"line":1,"column":null}},"type":"binary-expr","locations":[{"start":{"line":1,"column":12},"end":{"line":1,"column":17}},{"start":{"line":1,"column":17},"end":{"line":1,"column":null}}]}},"s":{"0":2,"1":2,"2":2},"f":{"0":2},"b":{"0":[2,2]}}
,"/home/gen/Backstage/TestsTasks/International-trade/international-trade/src/utils/format-date.ts": {"path":"/home/gen/Backstage/TestsTasks/International-trade/international-trade/src/utils/format-date.ts","statementMap":{"0":{"start":{"line":1,"column":36},"end":{"line":5,"column":1}},"1":{"start":{"line":2,"column":15},"end":{"line":2,"column":35}},"2":{"start":{"line":3,"column":2},"end":{"line":4,"column":105}},"3":{"start":{"line":1,"column":13},"end":{"line":1,"column":36}}},"fnMap":{"0":{"name":"(anonymous_0)","decl":{"start":{"line":1,"column":36},"end":{"line":1,"column":37}},"loc":{"start":{"line":1,"column":59},"end":{"line":5,"column":1}}}},"branchMap":{},"s":{"0":2,"1":7,"2":7,"3":2},"f":{"0":7},"b":{}}
}
