TN:
SF:src/components/button/ButtonBase.tsx
FN:23,ButtonBase
FNF:1
FNH:1
FNDA:12,ButtonBase
DA:1,3
DA:23,3
DA:25,12
DA:28,12
LF:4
LH:4
BRDA:25,0,0,7
BRDA:31,1,0,0
BRDA:31,1,1,12
BRDA:33,2,0,12
BRDA:33,2,1,0
BRF:5
BRH:3
end_of_record
TN:
SF:src/components/forecast/Forecast.tsx
FN:20,Forecast
FN:24,handleScroll
FN:30,(anonymous_3)
FN:41,(anonymous_4)
FNF:4
FNH:2
FNDA:2,Forecast
FNDA:0,handleScroll
FNDA:0,(anonymous_3)
FNDA:3,(anonymous_4)
DA:1,1
DA:2,1
DA:3,1
DA:20,1
DA:21,2
DA:22,1
DA:25,0
DA:26,0
DA:30,1
DA:31,0
DA:32,0
DA:36,1
DA:42,3
LF:13
LH:9
BRDA:25,0,0,0
BRDA:31,1,0,0
BRF:2
BRH:0
end_of_record
TN:
SF:src/components/forecast/ForecastItem.tsx
FN:24,ForecastItem
FN:28,(anonymous_2)
FN:32,(anonymous_3)
FNF:3
FNH:3
FNDA:11,ForecastItem
FNDA:7,(anonymous_2)
FNDA:1,(anonymous_3)
DA:1,2
DA:3,2
DA:5,2
DA:6,2
DA:8,2
DA:9,2
DA:24,2
DA:25,11
DA:26,10
DA:28,7
DA:29,7
DA:32,7
DA:33,1
DA:43,7
LF:14
LH:14
BRDA:29,0,0,6
BRDA:29,0,1,1
BRF:2
BRH:2
end_of_record
TN:
SF:src/contexts/MeteoCardContext.tsx
FN:21,useMeteoCard
FN:29,MeteoCardContextProvider
FN:33,(anonymous_2)
FNF:3
FNH:1
FNDA:3,useMeteoCard
FNDA:0,MeteoCardContextProvider
FNDA:0,(anonymous_2)
DA:3,1
DA:19,1
DA:21,1
DA:22,3
DA:23,3
DA:24,3
DA:26,0
DA:29,1
DA:30,0
DA:32,0
DA:33,0
DA:39,0
LF:12
LH:7
BRDA:23,0,0,3
BRF:1
BRH:1
end_of_record
TN:
SF:src/types/units-enum.ts
FN:1,(anonymous_0)
FNF:1
FNH:1
FNDA:2,(anonymous_0)
DA:1,2
DA:2,2
DA:3,2
LF:3
LH:3
BRDA:1,0,0,2
BRDA:1,0,1,2
BRF:2
BRH:2
end_of_record
TN:
SF:src/utils/format-date.ts
FN:1,(anonymous_0)
FNF:1
FNH:1
FNDA:7,(anonymous_0)
DA:1,2
DA:2,7
DA:3,7
LF:3
LH:3
BRF:0
BRH:0
end_of_record
